<?xml version="1.0" encoding="UTF-8"?>
<!-- Generated by org.testng.reporters.JUnitXMLReporter -->
<testsuite hostname="Lucky" name="Default test" tests="8" failures="0" timestamp="5 Jan 2020 07:36:57 GMT" time="68.1" errors="0">
  <testcase name="verifyPageTitle" time="0.024" classname="com.group.SocBuilder.SocBuilderDemo.AppTest"/>
  <testcase name="Login" time="8.696" classname="com.group.SocBuilder.SocBuilderDemo.AppTest"/>
  <testcase name="DownloadReports" time="3.95" classname="com.group.SocBuilder.SocBuilderDemo.AppTest"/>
  <testcase name="testSFR" time="8.822" classname="com.group.SocBuilder.SocBuilderDemo.AppTest"/>
  <testcase name="testFTE" time="6.317" classname="com.group.SocBuilder.SocBuilderDemo.AppTest"/>
  <testcase name="testFTE" time="5.831" classname="com.group.SocBuilder.SocBuilderDemo.AppTest"/>
  <testcase name="testFTE" time="12.446" classname="com.group.SocBuilder.SocBuilderDemo.AppTest"/>
  <testcase name="testFTE" time="6.823" classname="com.group.SocBuilder.SocBuilderDemo.AppTest"/>
</testsuite> <!-- Default test -->
